<html>
<head>
<title>TestNG:  Test</title>
<link href="../testng.css" rel="stylesheet" type="text/css" />
<link href="../my-testng.css" rel="stylesheet" type="text/css" />

<style type="text/css">
.log { display: none;} 
.stack-trace { display: none;} 
</style>
<script type="text/javascript">
<!--
function flip(e) {
  current = e.style.display;
  if (current == 'block') {
    e.style.display = 'none';
    return 0;
  }
  else {
    e.style.display = 'block';
    return 1;
  }
}

function toggleBox(szDivId, elem, msg1, msg2)
{
  var res = -1;  if (document.getElementById) {
    res = flip(document.getElementById(szDivId));
  }
  else if (document.all) {
    // this is the way old msie versions work
    res = flip(document.all[szDivId]);
  }
  if(elem) {
    if(res == 0) elem.innerHTML = msg1; else elem.innerHTML = msg2;
  }

}

function toggleAllBoxes() {
  if (document.getElementsByTagName) {
    d = document.getElementsByTagName('div');
    for (i = 0; i < d.length; i++) {
      if (d[i].className == 'log') {
        flip(d[i]);
      }
    }
  }
}

// -->
</script>

</head>
<body>
<h2 align='center'>Test</h2><table border='1' align="center">
<tr>
<td>Tests passed/Failed/Skipped:</td><td>6/2/0</td>
</tr><tr>
<td>Started on:</td><td>Tue Apr 24 10:29:42 IST 2018</td>
</tr>
<tr><td>Total time:</td><td>1171 seconds (1171107 ms)</td>
</tr><tr>
<td>Included groups:</td><td></td>
</tr><tr>
<td>Excluded groups:</td><td></td>
</tr>
</table><p/>
<small><i>(Hover the method name to see the test class name)</i></small><p/>
<table width='100%' border='1' class='invocation-failed'>
<tr><td colspan='4' align='center'><b>FAILED TESTS</b></td></tr>
<tr><td><b>Test method</b></td>
<td width="30%"><b>Exception</b></td>
<td width="10%"><b>Time (seconds)</b></td>
<td><b>Instance</b></td>
</tr>
<tr>
<td title='com.tivo.automation.cpi.ContentAvailability.test()'><b>test</b><br>Test class: com.tivo.automation.cpi.ContentAvailability</td>
<td><div><pre>org.json.JSONException: JSONObject[&quot;ProgramQuality&quot;] not found.
	at org.json.JSONObject.get(JSONObject.java:520)
	at com.tivo.automation.jsonutil.JsonComparator.getJsonValues(JsonComparator.java:120)
	at com.tivo.automation.jsonutil.JsonComparator.compareJson(JsonComparator.java:67)
	at com.tivo.automation.cpi.ContentAvailability.test(ContentAvailability.java:103)
... Removed 25 stack frames</pre></div><a href='#' onClick='toggleBox("stack-trace1396721535", this, "Click to show all stack frames", "Click to hide stack frames")'>Click to show all stack frames</a>
<div class='stack-trace' id='stack-trace1396721535'><pre>org.json.JSONException: JSONObject[&quot;ProgramQuality&quot;] not found.
	at org.json.JSONObject.get(JSONObject.java:520)
	at com.tivo.automation.jsonutil.JsonComparator.getJsonValues(JsonComparator.java:120)
	at com.tivo.automation.jsonutil.JsonComparator.compareJson(JsonComparator.java:67)
	at com.tivo.automation.cpi.ContentAvailability.test(ContentAvailability.java:103)
	at java.base/jdk.internal.reflect.NativeMethodAccessorImpl.invoke0(Native Method)
	at java.base/jdk.internal.reflect.NativeMethodAccessorImpl.invoke(NativeMethodAccessorImpl.java:62)
	at java.base/jdk.internal.reflect.DelegatingMethodAccessorImpl.invoke(DelegatingMethodAccessorImpl.java:43)
	at java.base/java.lang.reflect.Method.invoke(Method.java:564)
	at org.testng.internal.MethodInvocationHelper.invokeMethod(MethodInvocationHelper.java:108)
	at org.testng.internal.Invoker.invokeMethod(Invoker.java:661)
	at org.testng.internal.Invoker.invokeTestMethod(Invoker.java:869)
	at org.testng.internal.Invoker.invokeTestMethods(Invoker.java:1193)
	at org.testng.internal.TestMethodWorker.invokeTestMethods(TestMethodWorker.java:126)
	at org.testng.internal.TestMethodWorker.run(TestMethodWorker.java:109)
	at org.testng.TestRunner.privateRun(TestRunner.java:744)
	at org.testng.TestRunner.run(TestRunner.java:602)
	at org.testng.SuiteRunner.runTest(SuiteRunner.java:380)
	at org.testng.SuiteRunner.runSequentially(SuiteRunner.java:375)
	at org.testng.SuiteRunner.privateRun(SuiteRunner.java:340)
	at org.testng.SuiteRunner.run(SuiteRunner.java:289)
	at org.testng.SuiteRunnerWorker.runSuite(SuiteRunnerWorker.java:52)
	at org.testng.SuiteRunnerWorker.run(SuiteRunnerWorker.java:86)
	at org.testng.TestNG.runSuitesSequentially(TestNG.java:1301)
	at org.testng.TestNG.runSuitesLocally(TestNG.java:1226)
	at org.testng.TestNG.runSuites(TestNG.java:1144)
	at org.testng.TestNG.run(TestNG.java:1115)
	at org.testng.remote.AbstractRemoteTestNG.run(AbstractRemoteTestNG.java:114)
	at org.testng.remote.RemoteTestNG.initAndRun(RemoteTestNG.java:251)
	at org.testng.remote.RemoteTestNG.main(RemoteTestNG.java:77)
</pre></div></td>
<td>106</td>
<td>com.tivo.automation.cpi.ContentAvailability@26275bef</td></tr>
<tr>
<td title='com.tivo.automation.cpi.UUIDTest.test()'><b>test</b><br>Test class: com.tivo.automation.cpi.UUIDTest</td>
<td><div><pre>java.sql.SQLException: Invalid object name &apos;DigitalFirst_Replica..programs&apos;.
	at net.sourceforge.jtds.jdbc.SQLDiagnostic.addDiagnostic(SQLDiagnostic.java:372)
	at net.sourceforge.jtds.jdbc.TdsCore.tdsErrorToken(TdsCore.java:2988)
	at net.sourceforge.jtds.jdbc.TdsCore.nextToken(TdsCore.java:2421)
	at net.sourceforge.jtds.jdbc.TdsCore.getMoreResults(TdsCore.java:671)
	at net.sourceforge.jtds.jdbc.JtdsStatement.executeSQLQuery(JtdsStatement.java:505)
	at net.sourceforge.jtds.jdbc.JtdsStatement.executeQuery(JtdsStatement.java:1427)
	at com.tivo.automation.dbutil.DBModule.runQuery(DBModule.java:52)
	at com.tivo.automation.cpi.UUIDTest.test(UUIDTest.java:56)
... Removed 25 stack frames</pre></div><a href='#' onClick='toggleBox("stack-trace1825719826", this, "Click to show all stack frames", "Click to hide stack frames")'>Click to show all stack frames</a>
<div class='stack-trace' id='stack-trace1825719826'><pre>java.sql.SQLException: Invalid object name &apos;DigitalFirst_Replica..programs&apos;.
	at net.sourceforge.jtds.jdbc.SQLDiagnostic.addDiagnostic(SQLDiagnostic.java:372)
	at net.sourceforge.jtds.jdbc.TdsCore.tdsErrorToken(TdsCore.java:2988)
	at net.sourceforge.jtds.jdbc.TdsCore.nextToken(TdsCore.java:2421)
	at net.sourceforge.jtds.jdbc.TdsCore.getMoreResults(TdsCore.java:671)
	at net.sourceforge.jtds.jdbc.JtdsStatement.executeSQLQuery(JtdsStatement.java:505)
	at net.sourceforge.jtds.jdbc.JtdsStatement.executeQuery(JtdsStatement.java:1427)
	at com.tivo.automation.dbutil.DBModule.runQuery(DBModule.java:52)
	at com.tivo.automation.cpi.UUIDTest.test(UUIDTest.java:56)
	at java.base/jdk.internal.reflect.NativeMethodAccessorImpl.invoke0(Native Method)
	at java.base/jdk.internal.reflect.NativeMethodAccessorImpl.invoke(NativeMethodAccessorImpl.java:62)
	at java.base/jdk.internal.reflect.DelegatingMethodAccessorImpl.invoke(DelegatingMethodAccessorImpl.java:43)
	at java.base/java.lang.reflect.Method.invoke(Method.java:564)
	at org.testng.internal.MethodInvocationHelper.invokeMethod(MethodInvocationHelper.java:108)
	at org.testng.internal.Invoker.invokeMethod(Invoker.java:661)
	at org.testng.internal.Invoker.invokeTestMethod(Invoker.java:869)
	at org.testng.internal.Invoker.invokeTestMethods(Invoker.java:1193)
	at org.testng.internal.TestMethodWorker.invokeTestMethods(TestMethodWorker.java:126)
	at org.testng.internal.TestMethodWorker.run(TestMethodWorker.java:109)
	at org.testng.TestRunner.privateRun(TestRunner.java:744)
	at org.testng.TestRunner.run(TestRunner.java:602)
	at org.testng.SuiteRunner.runTest(SuiteRunner.java:380)
	at org.testng.SuiteRunner.runSequentially(SuiteRunner.java:375)
	at org.testng.SuiteRunner.privateRun(SuiteRunner.java:340)
	at org.testng.SuiteRunner.run(SuiteRunner.java:289)
	at org.testng.SuiteRunnerWorker.runSuite(SuiteRunnerWorker.java:52)
	at org.testng.SuiteRunnerWorker.run(SuiteRunnerWorker.java:86)
	at org.testng.TestNG.runSuitesSequentially(TestNG.java:1301)
	at org.testng.TestNG.runSuitesLocally(TestNG.java:1226)
	at org.testng.TestNG.runSuites(TestNG.java:1144)
	at org.testng.TestNG.run(TestNG.java:1115)
	at org.testng.remote.AbstractRemoteTestNG.run(AbstractRemoteTestNG.java:114)
	at org.testng.remote.RemoteTestNG.initAndRun(RemoteTestNG.java:251)
	at org.testng.remote.RemoteTestNG.main(RemoteTestNG.java:77)
</pre></div></td>
<td>6</td>
<td>com.tivo.automation.cpi.UUIDTest@73ee04c8</td></tr>
</table><p>
<table width='100%' border='1' class='invocation-passed'>
<tr><td colspan='4' align='center'><b>PASSED TESTS</b></td></tr>
<tr><td><b>Test method</b></td>
<td width="30%"><b>Exception</b></td>
<td width="10%"><b>Time (seconds)</b></td>
<td><b>Instance</b></td>
</tr>
<tr>
<td title='com.tivo.automation.cpi.BabelMapping.test()'><b>test</b><br>Test class: com.tivo.automation.cpi.BabelMapping</td>
<td></td>
<td>162</td>
<td>com.tivo.automation.cpi.BabelMapping@19d481b</td></tr>
<tr>
<td title='com.tivo.automation.cpi.OtherLinks.test()'><b>test</b><br>Test class: com.tivo.automation.cpi.OtherLinks</td>
<td></td>
<td>450</td>
<td>com.tivo.automation.cpi.OtherLinks@7690781</td></tr>
<tr>
<td title='com.tivo.automation.cpi.Popularity.test()'><b>test</b><br>Test class: com.tivo.automation.cpi.Popularity</td>
<td></td>
<td>150</td>
<td>com.tivo.automation.cpi.Popularity@77eca502</td></tr>
<tr>
<td title='com.tivo.automation.cpi.Release.test()'><b>test</b><br>Test class: com.tivo.automation.cpi.Release</td>
<td></td>
<td>120</td>
<td>com.tivo.automation.cpi.Release@3246fb96</td></tr>
<tr>
<td title='com.tivo.automation.cpi.RichMediaClips.test()'><b>test</b><br>Test class: com.tivo.automation.cpi.RichMediaClips</td>
<td></td>
<td>31</td>
<td>com.tivo.automation.cpi.RichMediaClips@2e222612</td></tr>
<tr>
<td title='com.tivo.automation.cpi.RichMediaImage.test()'><b>test</b><br>Test class: com.tivo.automation.cpi.RichMediaImage</td>
<td></td>
<td>142</td>
<td>com.tivo.automation.cpi.RichMediaImage@61386958</td></tr>
</table><p>
</body>
</html>